<?xml version="1.0" encoding="UTF-8"?>
<!-- Generated by org.testng.reporters.JUnitReportReporter -->
<testsuite hostname="MacBook-Air.local" failures="0" tests="1" name="azurepipelienpoc.Hooks" time="0.080" errors="0" timestamp="2020-10-31T00:37:01 IST" skipped="0">
  <testcase classname="azurepipelienpoc.Hooks" name="f" time="0.080"/>
  <system-out/>
</testsuite> <!-- azurepipelienpoc.Hooks -->
