<?xml version="1.0" encoding="UTF-8"?>
<!-- Generated by org.testng.reporters.JUnitReportReporter -->
<testsuite hostname="MacBook-Air.local" failures="0" tests="1" name="azurepipelienpoc.NewTest" time="8.109" errors="0" timestamp="2020-10-31T01:33:52 IST" skipped="0">
  <testcase classname="azurepipelienpoc.NewTest" name="urlTest" time="8.109"/>
  <system-out/>
</testsuite> <!-- azurepipelienpoc.NewTest -->
